PBPBPPBTBPpPBPBDDPPTDBTPPPBBBPPBBBTPpTTTBTBBBPpTBBPBBPPTPBPPPPPBBBBBPPBPBPPPPPPBP
PTPPPTPPBTPPTBBBBPPPPBPBPBBBTBBPPPBPPTPPBBBBBBBBDPBBPBTBPBBBPPPBBDPBppDPPPPPBBPBP
PBBTBTBPBpBBPBTBBPBpPPPPBPTBPBPBBBTBPBBPTPBBBBTBBBPPPPBBBBPppBTBPBTBTBPBPBTBPBPB
PpPPBPBBPPDPPBPBBBPPBPBBBPTTDBBPPTBPPPPBBBBPBPPBPTTPPTBBPBPPPPBBBBBBPBPPpPPBPPPP
PBBpPPPBBPPPTPPPPPPBBDPPPBPBBPBBBPBBTBTppBBpBPPBBBPBBPPPpPPPPPBPBBBBpPPBPBBBBPB
PTBPTBBTBPPBPPBPBBPBPPBBPPBTPBBBBPBPBPPTBPPPPPPPBBPBPPPPTPBBPBPBBBPPPPTPpPPBPPB
BBBDBPPBDBBPBTBpBBBBBBPBBPBBPBBpPBPTPBBBDBPBBPBBPPPBBPPBPPTPTpPPBPDBBPPBBBBBBPPPpBT
PpPBBBBTPBBBBPPTPBPBBPBTPPPPPBPBPBBPBBBpBDPTBPpBPPPBBBBpPTPPBBPPBBBBPPPPPBPPBBP
BBPBPPDPPBBBPBPPPBpBBPBPPBPPBBPBBPBBPPPBBPBBPPBBPBPBBPBPPDBPBTTPBTPBPPPPPBTBBpBTPT
BTBPPBPBPPPPBBTBPPBBPTBPBPBPBBPBPTBBPBPPPPTBBPBPBBPPTPBBBPBBBBTPPPBBBBPPBBPBBBBPB
TBPPPPBBBBPPBDPBBPPBPBBPBPPPPDBBTBPPPBPBBBTPPPBPBPBBPTPBPPBTPPTBPBTPPTTBBBPPBTBB
BPBPTPPPPBPBPBBPPDPPBPDPDPPBPBPBBPPPTBBTTBBBBpPPTBBBPPPBPBBBBBPBBPpBBPPBBTpBBBBBB
BPBPTPBPPPTBBBpBBPTpBPPBBTBPBTBBBBpPBPBPPTPPPPBpBDPPBPBPPPPPBPBPBDBPBPBPTPPBBBBBB
PPPBTPDTPPPPBBBBBBPBBBPBPBTBPPBBPPBPBPPpBBBPBBPBBBBBPBTBPBTBPBPPBPPPPPBTPBDBBP
PBBBPBBPBPPPBBTBPBTBPTBPTBDBBBPBBPPDPBBDpBBBBBBBBBBBPpBBBPPBBBDTPPTPTPPPPBBBPBBPD
BBPBPDBBPPBBBBPPPPPPTBBBPBBPBBPBTPPBPBBBPPPBPPPDPTPPBBBBPPBPPPPBBPPBBBPPpPPTBBPB
BBBPPBPBBBPPpDPBBBBBPBPTPPPPPPBPDBPPPBBpPBPPDBPTBBTBBPpBBBBPBPBDBPBTBTBPBBTPpBBPP
DBBTBTBPPBTPBBBDPDPPPBPBPPBPPPPPBpTBPpPDBBpPPBpTPBBBBBPBPBPBBBBPTPBBPBPBBPBBPBPBP
PPBPBBTPPPPPpPTBBPPPPPTBBTBPBBBBBPPBPBPPPBTPPPBPBBPBPPPBPBPPBBPBBTBPTPpTPBBPTBP
BPBBBPBPBBBBBBPBPPTBBPBBBBTPBBPTTBPBBPPBPBPPBBPPBBBTPBBBBPBPBBPPPPTBBBBPBPBBpPP
BBPPPPBBPBBPBBPPPBBPBBBPPBPBPPPPPPPTTPPBPBTBpDPBPBPTBDPpTBBPBPBBBTPBPPTBPPBBPBBP
PBBPBBBPBBBBPPBPPTTBBTBPDBPPBPTBBTBBPBPPTBPPBBTPBpBPPPTPBBBPpBBBpPBBBBPPBPBTPB
BPPPTPDBBTBPTPPPBTTPBBTPpPpPPTBPBBBBBBBPBPBBPBBBPBBBTPTBPBBBPPDTPBpBPTBBBBTBpPBBB
pPTBBPPpPBTPBPPPPPBBBPBBPBBPBBPTBBPPPPPPTPBBPpBBPTPpBBPPBPTBBBPPBPPTPBPBBBDPPBBP
TPBBPPTPBBBpBTTpBTBBPPPTBBBPPDPPBBBBBBPBBPTBBPPBBBBPBPPTPTTBBBPBDPPPPPPBPPPPBPB
BBPBBBBBTPBTBPPDBBTPBBBPPBPPPTBBBPBBPBPPBPPBPBBPPBBPTPBPBBBBTPBBBPBBPPBPPPPPpBBPT
PTTBBTPPBPBBTBPDPBPTPPBPPpBTBPPPPBDBBBBBBBPPPTPBTBPBPPPpPPPPPPPBBTBBPBBBPPDTPPB
BBPPPpBBBBPPBBPPPBPPPBBTPBPBPBPDBPTPBTDPBBBBPPPBTBBBTPTPPBPTBBPPTBTpBBBPBPPTPPBB
pBBPBBPBPBBBPPBPBBPDBBBBpBPPPPPpPBBPBBPTBPTPBPBPBBPTBPBBPPTBBPPBBBPPBBBPPBBPPTBPP
PTBPBPBPPBpPPBpBTBBPPBBBBBBBPpBBPPBPBPPBBBTBTPPBPPBBBBBPBPTPPPPPBTBBPPpBPTBBPPB
TBDBBPPpTBBPBTBpDPDPBBPPPBPBPTBPTTBBBBPBPPBBBDDDTBDBPPBPBTPPBPBDTBBPBTBPPPBBPP
BPPBPBBBTBPPPBPDBPBTPPBTPpPBPPPBBpBTBPpPBPPPBBPPTPBBPPBBPPPTPTpBPDPBBTBPPTBPB
BBBBPPPBPPDPTBPBPDPPPBPBBPPBBpTPPBBBPDTBBPBTBBPPPBTBBBBPBBBPPPPPBPPPPTPPPPpBDBP
BPBPPPTPBBPTpPPTBPDPpBBBPPBPBTPTBBBPPPBTPBPPTBBpPPPBBPpBPBBBPPBPPBBBPPPBPPBPPPPB
BPBPPBPTPPBpTBBBPBBPPPBPPDBBPBPBBBBBPBPPPPPpTBPBpTTPBPPBpPPBPBBPPBBBBBPPPBTBpTTP
BPBBPBBTBPPPBBpPBPBPPPpBPBTBBPBBPBBBBPBBTPPBPPPBBTBBPPPBPPPBBTPPPBPPBPPPPBPBPTBTTBPBP
BPPBBPBPBPPpBTBBPPBPBBPPBBPPBpBTBBBPPBBBPPPBTpBPBDBPBBPBBBPBBPPPPTBPTPTTBBBPTPB
PPBTPBPPBTPBpBBPBBPPBBPBBPPBPTPPPpDBBBTBPPBPPBBTBDPPBPPPBPBPTPPTBPPPPPPBTBTTBTPpP
PBPBTPBPBBPpBPPPPTPBBPPBBpPpBBPPPPDDBTpTTBPBBPBTDBPPBPPPBBPBBPTBPPBBBBBPPPBPPPPPP
BPBPPBPPBpPPBBPBPTPPBBBPBPPBPPDPBPPTBDBPPPBPBPPPPPDBTBBTTPPBPBPpPBPTBPBTBPPBDTP
BBPTPPBTBBBBPTPBPBPBBPBBTBPTPBTBBPTPBBBTPBPBTPPBPPBBBPPBTPPPPBBBPPPpBPBBTBBpDB
PPTpBBBBPTPPpPPTPBBPBPPBPPPBPPBpBPBPTBPPPPPPBPBBBTBPBBPPBBBBBBPPTBPBPPBBpPBBPpBB
PDPBBBPBBBPBPPBBBBBBBPBBTBTPBPBPBBPTBBPBPPBBBPPBPBBBpBBBBTBPPBBPBBPBBPTPPTPBPB
BPBTBBPBBBBBBPTBBPPBBPBPPBBPPBPPBBBPBPBPpBBPTPBPPTPBPBPBBBBBTPPPBPPBPPBPpPPBBPPPBBT
PpTPPTpPDPBBBBBpBBTBBBPTPPPPBPBBBPPBTTPBDPPPPPPPBBBBBPBPBPBBPBBPPBBpPPBPDBBBPTT
TPTBPBTBBBTPPpBPPPBDTPBBDBBTPBpBPBBBBBPBPBBBPPpBBPPTBPBpPTPPBTPPBPTPTPBPBBBBDPB
TTTBPBPBBTPPTPpBTPBBPTDPBPPBPTBTPPTBBPBPPPPBPTpBBBBPPPDPPPPPBPBBPBPPDTBBBBPBPBB
PPBBPBPPBPBBBBPPPBTPBTPPBBBPBBPPPBBBTPPBBDBBPBPPpBBBBBPBTPPBBBBPDPPBBPPPBPBBPBTPPPB
PPBPPPBPBBBPBBBBPPPTBBPBBTBPPpBBTPBBPTBBBTTBTBBPBTBBpPPDPBPBBPBTPPPBTBPPPBBpPPpP
PTPBpPBBBTBBPpTPTBBPBBBBPPBBBPBTBPBBPPBBBPPBPBBPBBBBBBPBBPPPBPBBPPBPBBPPPBBBBBPPB
PPTPTBPBpBBBBBBBBBBPPPPBTPPPTBTTTPBBTpTBPBBTPBPPBPBBPBPBPPPPPTPPBPPPPBPPPTpBP
BBPTPBPpPpBPPPPBPPPPBPPPBTBBTBPBBBPBPPPPPPPBBBPPBBPpBPPTBTPBBPBPBBPpPPBBTPPPBpPP
TBPPPBPBTBPPPPPPBPPBBBpBPPPBPpDTTPBBPBDBBPBPPBpPBPBPBBTPPBDBPBBBBPBBPPBPPBTBPBPPPB
PBPBBBTTTPBTBPBBBPPTPPBBBDBBPPPBBPDTTBPBBTpBBPDBPPPPBPBPBBPDPDBPBBBBPPTBPPPBPBBPPB
BTPBTBBPPPBBPPBBPPBPPPBPPPTPPPPBPBPBPPBPPTBBTBTPPPBPBBBPPBBBPBTPPTPBPBBPPTPPBBPB
BBBPPBPBDTPBPTPBPTPPPBBBTBTPPBPBBPPDTTPBPDBBBBTPPBPTBPBPPBBPBPPPPPBPPPPBBBBPTBBPp
PBBBBPPBBBPPPBBBBPPPBTPpPPTBBPPBTBBBPPPBBBBPBBTBPBBTPBBBpPBTBPBBPPPBDPBPBBPBPPPB
BBPBPBPBPBPPTpPTPPPPBPBBPPPBBBBBPPBPPBPPPPPPTPBBPpBPBPPPPBBPPPBPBBPPBBPPPBTPTPPT
BTBPBPPBBTPBBBBPBBPTPPBPBPTPTPPPBTBTPBBBPPPBTBBBpPBPBPBBBTBPBBPPBTPPDBBPBPPBBPBTP
PBPBPPpBBPTTPBBPBPPpPBPPBpTPpBPPPpPPPPPBPBBPBPPPPPBBPBDPBTpBBPPPPPBBPTBBPBPpBBB
pBBBBpTBBBPBBPBBPPPBPPPTBBDBPBBPPBPBBBPPPPBBBBBBPPBppPBBBPBTPPBTpBBPPPPPBBBTBBBB
PBBBBBBBBPBPPTPBPBBBPDTBPTBPPPBPBPBBBBpBBBBPpBBBPTDBBBPTBPBBPTPTBBBPPTBBPPTBBPP
PPBTBBDPPBpBBpBBPBBPBBBPBPpBBppBPPPBBpBBTpBPDPPBPBpTPPDBpBTPPBBBBPPBBPBBPBBBPTB
BPPPTBPTBBTBBBBBPPBPPPPBBTBPPBPBDBTPBBDBPTPBPPPBTBBBDBPPPPBBBTPPBBBPBpPBPPBTBBpB
PBPBBPPPBBPPBBPDBTPBDBBPPPPpPPTPBpPBBBPPPPPBTBTPPTTPBBBPBBBTBPPBPDTPTPPPBBPPBB
PBTPBPPPPBPPBTPBTpPBPpTTBBTTPBPPDBPBBPBBBPBPPPPBPBBBPBBTpTBBBpBBBTTTBBTBBBBPPTBBB
PPTPPPPBPBTTPBBBPBPBBPpBPBBTBPPpPpPBPBPPBPBDBPPPPBBPBBBPBBBBPPPpPBPPBTPPTBPBBBT
TTBPBPBBTBBPpPBBBPpBBPPTBDBPBPPPDDBPTBBBBTPBPpBTPBPBPBPPBPBBTTPBPPBPBBTBBBPBBBB
BBBPBTPPDBPBpBBPBBPBBBTpBBBDBBPPBBBPBBPBBBBBBBPPPBPTBDPBBBPPBPPBPPBPPPBTPPPBP
PBPPBPDBPPPTBBBPBPBBPPPPBPBBPBpBBDTBTBTPBBPBBPPPpBDBBBTBBBBPBPBPBPPPTPBPBBPPBBT
TBPBPPBPBBBPBPBPBBBPPpPTBPPTBTPPTpPDBTPPPBPPBBPBBPBPBTPTPBBPBBPBpPBPPPPBPBBBP
PPBBBBPPPBBPBBPBPPPBBBPDBTPBBPTPPPTPPPDBBPBPDBDPTPPBPBBPBpPBBPBPPPBBBBBTDTPPPBBT
PPBBPPPPBTPTBTTPBPDBBBTpBBPBBTPpBPBTBPPBPBBBBPBPTPPBpBPTPBPBPBPPTpBBBPBBPPBBTpTB
PpTTBBPBPPPppBBPTTBPTpDBPPBBPTPPBBBPBPBPBBPBBBpTPPPBPBPBBPBBPPPBBTPBPBBBPBPpPPBB
PPTPBPPPBBPPBPBPPPPPPBPBPPPPBBBTPPTBBpBBBPBPPBTBPBTTBPPPBBpPPBPBBPPPBBTPTBBBPBBBT
BPPPPTPBPBBBBBBBPPBBTBBBBBPTBBBBPBBBBPPBPDTPPPTPpBBPBPBPBBPPBPBPPTTTBPBPPPBDBBBT
pPTPPBTPPTBTBPBpBBBBPPPBBPPPBBPPPTPPPPBPBDBBPPBPPBPPPBBPPBBPBBPBBPBBBBBBBPPPBTBBPPBPP
BBBBPPTPPBPPDPPPBBPPBBPPPpBBBPBBBBPPPPTBBBPBBBPPPPBPPBPBBPPPPBTPTBBBBBBPPTPTBPBp
PPBBPBPTPTPPPBPBBBBPPBPPBDBPBTBPPBPBTTTPPBPTPPPBPBPBPPBBTTTBBBPPBPPPPBTDBPBPPPP
PBPPBBBPBTBPBPBBPBPBDPpPPPPBBPPPPPBTPPDBPBPBPBBPBBTPPBTBBPTBBBBTpTPBTTBDPBBTTBB
PBPBPPBBBBDpPBBBTBBBBpTPBPPBDBBDPBDBPBPBBBPBPBBPBBBTPBPPBPBBTBPBPPBBPPPBBBTTPB
BPPBPPTPBPPPPPBBBBPDPBPBTPBTPBPBPpPPBBBBTBTPPBBBBPBPPBPppppPBBPBBBBBBBBPBBPBTBB
PBpBBBPBBPBBPPPBBPBBPPPPBPPPTBPBBBPPBPPPBBTPTPBBPBPBPBPBBPBBPBBBBTPPPPBBPPTBBPB
PPpDPPBPTPTBBBPPPPTBBPBPBTPPPPPPPBBBBBBBPPBPBPPTPBBBPBpPPPPBBTBpBBPBBBBTBTBBPBBBB
BPPPBPTTPPPBpBPPPBPBPPPPBPPPPPPBBPDPBBPBBBPBpPPPBBBPPPPPTPTPBPTBPBTBBBPTpTPTTBTTP
BPPBBPPPPpPBpppBBPPBBPBPPPPTBBPTPTPPBpBBPpPPBTBBBBPPBPPBBBTBPPBTpPBBPBBBBPBBPBBTP
PBPBPPPPBPPTBDBPPTBBPTPBDBPBpBPPPBBPPBBBTBBBPBPPBBPpBBBpPPpBPBTPTBBBBBPBBBPPBPPBBBPP
PPBPBPTPBPBDBPDPPPTPPBTPTBDPPTBBPPBpBBBPBPBPPBPPPPBTBBTPTBBPBBBPPBBTPBDPPPPP
PTPBBPPBPBPPPPBPPPpTBTPBBPPBBBPPBPDTPPPTBDPBPPPBPBPBPPBPBPDBBTBPPBPTBBBPBPPPP
BPBBTBBBBBTBTBPPPBBPBBTBBBPBPPpBTPBBBBTPPTpBPTBPBPPPPTPBPPBPTPPBBBPPPPTPTBBPPBP
pTTPPBBPPPBPBBBBBPBTPBPDPBBPBBPPPPpTPBPBBPPBPBBBBBPPTPPBPBBpPBPBBPPDPPPBPpPBBP
PPpTBBPBBBBPPBTPPBBpPBPBBTBPPPBBBBBBpPBBDBPPBBPBBBPBPBBTBBTBTBPTBPPTBBPBPPPPPPBBT
PBBPpPBBPPpBDPTBPPPBBPPPPBPBBBPPTPPBPPBBPBPpBBPPPBPpPPBBPBBPBpPBBTPTTBBBpBPTPBB
BBTTpBBPPPBPBPpBPpBPBBBTPpDPpBPBBBTBBPBPPPTBBDPDBTBpBPPBPPBTBBPBBPBBPBPDBPTBTB
BBBPTBBBPPTPBPBBTPpBDBBPBBBPBBpBBBTDBBPPBBBBPPPBTBPpPBBBBDPBTBBBBPPPPBTPPBDPB
PBPPBPBBPBBBPBBPPPPPBBBPBPPPBBBBPPPBPPBPPPBPBPPPPBTBTPBBPBpTBPPBPpBBBTBPBTBPBBB
BTpPPBTPBPBBTPBPBPBPTPBBPPBBPDBPBPTBBBBBTPPPPBBPPPBpBBPBBBBTBPPPBBBPPBBPPBPpPBD
PBPBPPBPTBPBBPBBBBPPPBBBBTPPPPPBDBPBBPPBPBPPpPBPBPTPBPPPBBPDBBPPBBBBTDTPPTDBB
BBpPBPPPBPTBBPPPPPPPPPBBBPPPBBBBBBPPPBBBBBBBBPTPBPBBTBBBBBTPBTBPPPBPTPBPPBPBBBpPPP
PBBPBPPBPPPPDPPBPPPTBPBDPPBPTPBPPPBPPDBBPPBBPPPPPBBPTBTBTPBPDPBBBPBPPBBBPTBPBPPPBPP
PPPPPPPTPBBBTBBPBBBPPTPBTBBBPBPBPPPPPPPTPPPpPPPPTPPBPBPPBBPPBPBPBBPBPPPBpDPBTPPBP
TBBBPPBPTPBPPPPPPPPBTBBBPBBBBPPPBpDPBPBPPBBPPBBBPBPBPDBBBBPBBBpBBPPBBBBBPPPBPPBB
BPPTPBPPTPBpPBBpPBTPpBBTPPPPPBPPBBBBPBBBBPBBpBPBPPBPPpBTPBPPPPBBTBPBBTPpTPPBPPPB
PPPBBBPBPPPTBPPTTBBPBPPBBBBPBBBPBpPPPBPPBBBBPBPPpBTPPBBBPBTPBPPBTPBPPPPPBpPTBP
BPPPTBPPBPPBPPpBPDBPBBpBBPTBBBBBBPPTPPPBPPBPTPTTPBBBBPTBPTDBBBpPPPBPPBBPPPPBB
TPBPPBBDPPPPBBBPBPBPPBBPPTPPPBPBPPPBPPPpBBPBTPBPBBPPPPBBBTBpPPPPpPBBBPPPBPBBPBPBBBBTPPBB
pBBTPTPBBBBPBBPBPBPBPPBPBPBTPpBBBBDBPBTPTBBBBPPBPBPPPPTPTPBPBPBPPBBPBBPBBDPBPPPBB
BBBPBTPPPBBTBPBPPBPPBBPBPBPPPBBBBPBBPpPBPPTDPBTPTBPPTPPBpBPBPPBPBPPBTTBBBPPBBP
BPPPBBpBTPBBPBBBBPBPBTBPBBPDBPPBBPTPPBTPPBTPPPTTBBBBPPPBTBPBPBBPPpPPPBBTBPPPPBPBPB
PppPPBPDBPPPPBBpBBTPPBPPBDBPBBBBDBBBTBPBBBPBpBBTBBPBTPPPPBPPPPBPBPPPPpPBBBBBPPPB
BBPPBBPBBBPPPPBTTBBTPBPBPBPpBTPBPBBPDPBPTBPBBPPBPPPBBBBPTTPTBPBPBBpBPPTBPpPTPTPP
BPBTBTBBpPBPTBBPTBBPPBPpTBDDBBBPBTBBPPPTBBBPBBBTPPPBBPBPTBPBPPBBBPBPPBPBPBBBPBTB
PBppPDBBPPBPBPBBPPBBBPBPTPTBPBPPPpPPBPTPBPpBBBBTPPPTBPPBpPBBBPPBTBBBPBBBBTBPBTP
BPPPPPPPBPBpPPPBBPPBBPPPPTBPBPTPPBBPPPPTBPBBBPBBTPBPBPPBBPBPBBPPBBTpPBBPPBPPPPBBB
BBPBBBTTBPBPBBPBTBBPPPPBBBpPBBpPBPPPPPTBBPPPPBBTBPPBBBPBBBPPBPBpBPBBBPBPPBBBPDBBP
PPBPPBTBBBBPBPBPPBBTPDPPBPDPBBBPBPBPBPPBTPTBPBPPBBPPPPBPDTPBPTBBPPPBBpPDPPBBTBP
PPPpBBPBTBTPPBBPBBBBPBPPBBpBPPTPPPpBPPBBPpBTpBBBBBBTpBBBTDBPBBBBTPpPBBBPBBBTBpBB
BBBBPPBPPpPPBBTBBTTBPDBPPBPBTPBBBTTPDTPBPBBPPBPTPBPPPBBPBPPBBBBBBPBPTPPBBPPBBPpBPB
DDBPPBBPDPBPpPPPBPBBBBBPpPBPPPTPPBBPPBPDPPPPBDPBBBBTPPBPPPPPPTTPTTBBBTBPBBBPBB
BPDBPDBTBpPTPTBPBBPPPTPPBPPTPBBPBPBTPTPBPTBTPPBPPPPTBPBBPPPPPBBPPPBBTPBBTBBBBP
BBBBPBTPBBBBTPPpBPBBTPBDBTPBPBPPPTTPPPBBBBBBpTTBBPPBBBpBpPPBBBBPBBBBBBTPPPTPPBBPPPB
pBPBPPBPBTPDBTPBBBPBPTBPBBBPTDTPPPBBPPPPPPPPBTBPBPBPBPPBBTBPPPBBBPTPPBBBBPPPPDB
BPPTpBPBBBPPPBBPPBPPPPBBpDPPBpPPPpPPBTBBpTTPPBBTPBBBBTPBBBBPBDPDBTBBBBPBBBpPDTBBBT
TPPPBBPDBTBPTPPPPPPDBBPBBBBBTBPBBBBBPPBBPTBBDPPPPBPPpTPPTBBPBPBBTpPBTBPPBTPPD
PPPPBBPBBpBBBBBBBTPPBTPBPPBBTPTPTPBBBPBBPTTTDBpBTPBBBPBTPBPPPPBBBBBBPBPPTPpBBB
pPPPBPBPBBTPPBTBPPTTTPBPPPDBBBPPBBBPBBPBBBPPPPBBBBTBBPPPBBPTpBTBBPBBBPBPPTBDDPDPB
PPBBBPPPPBPPBBPBBPPTTBPBBPPTPTBpPPBPpBTBPPTBPPBPpPBBPBPPTBPPBPPpBBPPPBBPPBBBBTPBP
BPPBBTPPPpBTBPPBBPBBBPPBBBBBTTpTPBPBTBpDBTPpBBPTPBPBBPBPBBPBPBBBPpBPTPPBPDBBPPBB
PBPPTTBPBPBBPBBPBBPBPPPBPBPPPPDTPBPBBBPTBPBPPBBBTPBTPTPPBPPPDBPBPPPpPpBPPPBpPTBDP
BPTPBPBBPBBBTBBBBBPPTBPBDPPBBBPPBPBBBBBPBBBBBPPPBPBPPBPBPBPDPBBBBBPPBpPTPDBPBPP
TBBppTBBPBBBPTBPBPBTBPTPPPPPPPPPTPPBBBBPBTPPBTBBTBpPpPBPBBBBPTPPPTTPBBBPBpBP
BBBBBPpBBPBBPPPTPBpTPDTPTPPPPPPBBPBBBBPTPPBPBBPPpBBBBpPPPPBBBPPPBPTBBBPBPPBPBP
BBBPBPPBPTBBPPPPPPPPpPBDPTPBPTPTTPBPTBBBBpBPPBBPPPBPPBBBBBBBPBBBPPTBTBBTPBBPPBBDB
BBPBBBPTPBPPBBBPBBBPTBTTBPPBPTBPBPBPBPPPPBPBBTBBBBTTBPPpBTBTpBBBBBDTPBBBBPDBBBPPP
BPPPBBBPBPBBPBTPBBPBBBBPPBBPBBPBBPBPBBPDBPPDTPPPpBBBPPPPBpBpTPPDBPBPPTBBPPBPPBPPD
BPBpPBpBBBPBBBPPPPpBBPBBPPPBPPPPPBPBPPBPBBPBTPBBTBPBBPBBPDPPBTPBBPPDTPBBPPPBBPBP
TBBTPBBDBTPBPBDpBBPPBPPPPPTPBPPBPPBPDPPPPpBTPBppPPPTPBPPPPpBBBPPBPPBBPpBBPBPTPBBBPPB
BBBPPTBTDPBBBBBTBTBPTBPpBBBBPPPTDBPBPPPPPPPBPpBBBBPBPPPPPBPBBTBPBPPTBPPBPPTBBB
